0    [main] INFO  org.eclipse.jetty.server.Server  – jetty-8.1.10.v20130312
51   [main] INFO  org.eclipse.jetty.deploy.providers.ScanningAppProvider  – Deployment monitor /home/ubuntu/blacklight5/jetty/contexts at interval 0
68   [main] INFO  org.eclipse.jetty.deploy.DeploymentManager  – Deployable added: /home/ubuntu/blacklight5/jetty/contexts/solr.xml
234  [main] INFO  org.eclipse.jetty.webapp.WebInfConfiguration  – Extract jar:file:/home/ubuntu/blacklight5/jetty/webapps/solr.war!/ to /home/ubuntu/blacklight5/jetty/solr-webapp/webapp
3851 [main] INFO  org.eclipse.jetty.webapp.StandardDescriptorProcessor  – NO JSP Support for /solr, did not find org.apache.jasper.servlet.JspServlet
3941 [main] INFO  org.apache.solr.servlet.SolrDispatchFilter  – SolrDispatchFilter.init()
4010 [main] INFO  org.apache.solr.core.SolrResourceLoader  – JNDI not configured for solr (NoInitialContextEx)
4010 [main] INFO  org.apache.solr.core.SolrResourceLoader  – using system property solr.solr.home: /home/ubuntu/blacklight5/jetty/solr
4012 [main] INFO  org.apache.solr.core.SolrResourceLoader  – new SolrResourceLoader for directory: '/home/ubuntu/blacklight5/jetty/solr/'
4016 [main] INFO  org.apache.solr.core.SolrResourceLoader  – Adding 'file:/home/ubuntu/blacklight5/jetty/solr/lib/contrib/' to classloader
4016 [main] INFO  org.apache.solr.core.SolrResourceLoader  – Adding 'file:/home/ubuntu/blacklight5/jetty/solr/lib/solr-analysis-extras-4.6.0.jar' to classloader
4017 [main] INFO  org.apache.solr.core.SolrResourceLoader  – Adding 'file:/home/ubuntu/blacklight5/jetty/solr/lib/solr-langid-4.6.0.jar' to classloader
4017 [main] INFO  org.apache.solr.core.SolrResourceLoader  – Adding 'file:/home/ubuntu/blacklight5/jetty/solr/lib/solr-clustering-4.6.0.jar' to classloader
4512 [main] INFO  org.apache.solr.core.ConfigSolr  – Loading container configuration from /home/ubuntu/blacklight5/jetty/solr/solr.xml
5024 [main] INFO  org.apache.solr.core.CoreContainer  – New CoreContainer 1833396162
5025 [main] INFO  org.apache.solr.core.CoreContainer  – Loading cores into CoreContainer [instanceDir=/home/ubuntu/blacklight5/jetty/solr/]
5028 [main] INFO  org.apache.solr.core.CoreContainer  – loading shared library: /home/ubuntu/blacklight5/jetty/solr/lib
5034 [main] INFO  org.apache.solr.core.SolrResourceLoader  – Adding 'file:/home/ubuntu/blacklight5/jetty/solr/lib/contrib/' to classloader
5035 [main] INFO  org.apache.solr.core.SolrResourceLoader  – Adding 'file:/home/ubuntu/blacklight5/jetty/solr/lib/solr-analysis-extras-4.6.0.jar' to classloader
5035 [main] INFO  org.apache.solr.core.SolrResourceLoader  – Adding 'file:/home/ubuntu/blacklight5/jetty/solr/lib/solr-langid-4.6.0.jar' to classloader
5036 [main] INFO  org.apache.solr.core.SolrResourceLoader  – Adding 'file:/home/ubuntu/blacklight5/jetty/solr/lib/solr-clustering-4.6.0.jar' to classloader
5089 [main] INFO  org.apache.solr.handler.component.HttpShardHandlerFactory  – Setting socketTimeout to: 0
5090 [main] INFO  org.apache.solr.handler.component.HttpShardHandlerFactory  – Setting urlScheme to: http://
5090 [main] INFO  org.apache.solr.handler.component.HttpShardHandlerFactory  – Setting connTimeout to: 0
5091 [main] INFO  org.apache.solr.handler.component.HttpShardHandlerFactory  – Setting maxConnectionsPerHost to: 20
5091 [main] INFO  org.apache.solr.handler.component.HttpShardHandlerFactory  – Setting corePoolSize to: 0
5091 [main] INFO  org.apache.solr.handler.component.HttpShardHandlerFactory  – Setting maximumPoolSize to: 2147483647
5092 [main] INFO  org.apache.solr.handler.component.HttpShardHandlerFactory  – Setting maxThreadIdleTime to: 5
5092 [main] INFO  org.apache.solr.handler.component.HttpShardHandlerFactory  – Setting sizeOfQueue to: -1
5093 [main] INFO  org.apache.solr.handler.component.HttpShardHandlerFactory  – Setting fairnessPolicy to: false
5782 [main] INFO  org.apache.solr.logging.LogWatcher  – SLF4J impl is org.slf4j.impl.Log4jLoggerFactory
5784 [main] INFO  org.apache.solr.logging.LogWatcher  – Registering Log Listener [Log4j (org.slf4j.impl.Log4jLoggerFactory)]
5938 [coreLoadExecutor-3-thread-1] INFO  org.apache.solr.core.CoreContainer  – Creating SolrCore 'blacklight-core' using instanceDir: /home/ubuntu/blacklight5/jetty/solr/blacklight-core
5939 [coreLoadExecutor-3-thread-1] INFO  org.apache.solr.core.SolrResourceLoader  – new SolrResourceLoader for directory: '/home/ubuntu/blacklight5/jetty/solr/blacklight-core/'
6052 [coreLoadExecutor-3-thread-1] INFO  org.apache.solr.core.SolrConfig  – Adding specified lib dirs to ClassLoader
6054 [coreLoadExecutor-3-thread-1] INFO  org.apache.solr.core.SolrResourceLoader  – Adding 'file:/home/ubuntu/blacklight5/jetty/solr/lib/contrib/analysis-extras/lib/icu4j-49.1.jar' to classloader
6055 [coreLoadExecutor-3-thread-1] INFO  org.apache.solr.core.SolrResourceLoader  – Adding 'file:/home/ubuntu/blacklight5/jetty/solr/lib/contrib/analysis-extras/lib/morfologik-polish-1.7.1.jar' to classloader
6058 [coreLoadExecutor-3-thread-1] INFO  org.apache.solr.core.SolrResourceLoader  – Adding 'file:/home/ubuntu/blacklight5/jetty/solr/lib/contrib/analysis-extras/lib/morfologik-fsa-1.7.1.jar' to classloader
6059 [coreLoadExecutor-3-thread-1] INFO  org.apache.solr.core.SolrResourceLoader  – Adding 'file:/home/ubuntu/blacklight5/jetty/solr/lib/contrib/analysis-extras/lib/morfologik-stemming-1.7.1.jar' to classloader
6059 [coreLoadExecutor-3-thread-1] INFO  org.apache.solr.core.SolrResourceLoader  – Adding 'file:/home/ubuntu/blacklight5/jetty/solr/lib/contrib/analysis-extras/lucene-libs/lucene-analyzers-smartcn-4.6.0.jar' to classloader
6060 [coreLoadExecutor-3-thread-1] INFO  org.apache.solr.core.SolrResourceLoader  – Adding 'file:/home/ubuntu/blacklight5/jetty/solr/lib/contrib/analysis-extras/lucene-libs/lucene-analyzers-icu-4.6.0.jar' to classloader
6060 [coreLoadExecutor-3-thread-1] INFO  org.apache.solr.core.SolrResourceLoader  – Adding 'file:/home/ubuntu/blacklight5/jetty/solr/lib/contrib/analysis-extras/lucene-libs/lucene-analyzers-stempel-4.6.0.jar' to classloader
6061 [coreLoadExecutor-3-thread-1] INFO  org.apache.solr.core.SolrResourceLoader  – Adding 'file:/home/ubuntu/blacklight5/jetty/solr/lib/contrib/analysis-extras/lucene-libs/lucene-analyzers-morfologik-4.6.0.jar' to classloader
6456 [coreLoadExecutor-3-thread-1] INFO  org.apache.solr.core.SolrConfig  – Using Lucene MatchVersion: LUCENE_40
6703 [coreLoadExecutor-3-thread-1] INFO  org.apache.solr.core.Config  – Loaded SolrConfig: solrconfig.xml
6715 [coreLoadExecutor-3-thread-1] INFO  org.apache.solr.schema.IndexSchema  – Reading Solr Schema from schema.xml
6946 [coreLoadExecutor-3-thread-1] INFO  org.apache.solr.schema.IndexSchema  – [blacklight-core] Schema name=Blacklight Demo Index
7684 [coreLoadExecutor-3-thread-1] INFO  org.apache.solr.schema.IndexSchema  – default search field in schema is text
7700 [coreLoadExecutor-3-thread-1] INFO  org.apache.solr.schema.IndexSchema  – query parser default operator is OR
7702 [coreLoadExecutor-3-thread-1] INFO  org.apache.solr.schema.IndexSchema  – unique key field: id
7981 [coreLoadExecutor-3-thread-1] INFO  org.apache.solr.core.SolrCore  – solr.StandardDirectoryFactory
7997 [coreLoadExecutor-3-thread-1] INFO  org.apache.solr.core.SolrCore  – [blacklight-core] Opening new SolrCore at /home/ubuntu/blacklight5/jetty/solr/blacklight-core/, dataDir=/home/ubuntu/blacklight5/jetty/solr/blacklight-core/data/
7998 [coreLoadExecutor-3-thread-1] INFO  org.apache.solr.core.SolrCore  – JMX monitoring not detected for core: blacklight-core
8022 [coreLoadExecutor-3-thread-1] INFO  org.apache.solr.core.CachingDirectoryFactory  – return new directory for /home/ubuntu/blacklight5/jetty/solr/blacklight-core/data
8022 [coreLoadExecutor-3-thread-1] INFO  org.apache.solr.core.SolrCore  – New index directory detected: old=null new=/home/ubuntu/blacklight5/jetty/solr/blacklight-core/data/index/
8023 [coreLoadExecutor-3-thread-1] WARN  org.apache.solr.core.SolrCore  – [blacklight-core] Solr index directory '/home/ubuntu/blacklight5/jetty/solr/blacklight-core/data/index' doesn't exist. Creating new index...
8038 [coreLoadExecutor-3-thread-1] INFO  org.apache.solr.core.CachingDirectoryFactory  – return new directory for /home/ubuntu/blacklight5/jetty/solr/blacklight-core/data/index
8127 [coreLoadExecutor-3-thread-1] INFO  org.apache.solr.core.SolrCore  – SolrDeletionPolicy.onCommit: commits: num=1
	commit{dir=/home/ubuntu/blacklight5/jetty/solr/blacklight-core/data/index,segFN=segments_1,generation=1}
8128 [coreLoadExecutor-3-thread-1] INFO  org.apache.solr.core.SolrCore  – newest commit generation = 1
8253 [coreLoadExecutor-3-thread-1] INFO  org.apache.solr.core.SolrCore  – no updateRequestProcessorChain defined as default, creating implicit default
8261 [coreLoadExecutor-3-thread-1] INFO  org.apache.solr.core.RequestHandlers  – adding lazy requestHandler: solr.ReplicationHandler
8262 [coreLoadExecutor-3-thread-1] INFO  org.apache.solr.core.RequestHandlers  – created /replication: solr.ReplicationHandler
8267 [coreLoadExecutor-3-thread-1] INFO  org.apache.solr.core.RequestHandlers  – created standard: solr.StandardRequestHandler
8268 [coreLoadExecutor-3-thread-1] INFO  org.apache.solr.core.RequestHandlers  – adding lazy requestHandler: solr.FieldAnalysisRequestHandler
8268 [coreLoadExecutor-3-thread-1] INFO  org.apache.solr.core.RequestHandlers  – created /analysis/field: solr.FieldAnalysisRequestHandler
8274 [coreLoadExecutor-3-thread-1] INFO  org.apache.solr.core.RequestHandlers  – created /update: solr.UpdateRequestHandler
8276 [coreLoadExecutor-3-thread-1] INFO  org.apache.solr.core.RequestHandlers  – created /admin/: org.apache.solr.handler.admin.AdminHandlers
8279 [coreLoadExecutor-3-thread-1] INFO  org.apache.solr.core.RequestHandlers  – created /admin/ping: solr.PingRequestHandler
8289 [coreLoadExecutor-3-thread-1] INFO  org.apache.solr.core.RequestHandlers  – created search: solr.SearchHandler
8289 [coreLoadExecutor-3-thread-1] INFO  org.apache.solr.core.RequestHandlers  – created document: solr.SearchHandler
8290 [coreLoadExecutor-3-thread-1] INFO  org.apache.solr.core.RequestHandlers  – created advanced: solr.SearchHandler
8320 [coreLoadExecutor-3-thread-1] INFO  org.apache.solr.handler.loader.XMLLoader  – xsltCacheLifetimeSeconds=60
8342 [coreLoadExecutor-3-thread-1] INFO  org.apache.solr.core.SolrCore  – Hard AutoCommit: disabled
8342 [coreLoadExecutor-3-thread-1] INFO  org.apache.solr.core.SolrCore  – Soft AutoCommit: disabled
8357 [coreLoadExecutor-3-thread-1] INFO  org.apache.solr.core.SolrCore  – SolrDeletionPolicy.onInit: commits: num=1
	commit{dir=/home/ubuntu/blacklight5/jetty/solr/blacklight-core/data/index,segFN=segments_1,generation=1}
8358 [coreLoadExecutor-3-thread-1] INFO  org.apache.solr.core.SolrCore  – newest commit generation = 1
8369 [coreLoadExecutor-3-thread-1] INFO  org.apache.solr.search.SolrIndexSearcher  – Opening Searcher@c76abcb main
8375 [coreLoadExecutor-3-thread-1] INFO  org.apache.solr.handler.component.SpellCheckComponent  – Initializing spell checkers
8408 [coreLoadExecutor-3-thread-1] INFO  org.apache.solr.handler.component.SpellCheckComponent  – Registering newSearcher listener for spellchecker: default
8426 [coreLoadExecutor-3-thread-1] INFO  org.apache.solr.handler.component.SpellCheckComponent  – Registering newSearcher listener for spellchecker: author
8446 [coreLoadExecutor-3-thread-1] INFO  org.apache.solr.handler.component.SpellCheckComponent  – Registering newSearcher listener for spellchecker: subject
8462 [coreLoadExecutor-3-thread-1] INFO  org.apache.solr.handler.component.SpellCheckComponent  – Registering newSearcher listener for spellchecker: title
8463 [coreLoadExecutor-3-thread-1] INFO  org.apache.solr.handler.component.SpellCheckComponent  – No queryConverter defined, using default converter
8487 [searcherExecutor-4-thread-1] INFO  org.apache.solr.core.SolrCore  – [blacklight-core] Registered new searcher Searcher@c76abcb main{StandardDirectoryReader(segments_1:1:nrt)}
8488 [coreLoadExecutor-3-thread-1] INFO  org.apache.solr.core.CoreContainer  – registering core: blacklight-core
8493 [main] INFO  org.apache.solr.servlet.SolrDispatchFilter  – user.dir=/home/ubuntu/blacklight5/jetty
8493 [main] INFO  org.apache.solr.servlet.SolrDispatchFilter  – SolrDispatchFilter.init() done
8560 [main] INFO  org.eclipse.jetty.server.AbstractConnector  – Started SocketConnector@0.0.0.0:8983
21438 [qtp722146727-13] INFO  /solr  – No JSP support.  Check that JSP jars are in lib/jsp and that the JSP option has been specified to start.jar
25104 [qtp722146727-14] INFO  org.apache.solr.update.processor.LogUpdateProcessor  – [blacklight-core] webapp=/solr path=/update params={wt=xml&version=2.2} {add=[00282214, 00282371, 00313831, 00314247, 43037890, 53029833, 77826928, 78908283, 79930185, 85910001, ... (30 adds)]} 0 1762
25214 [qtp722146727-14] INFO  org.apache.solr.update.UpdateHandler  – start commit{,optimize=false,openSearcher=true,waitSearcher=true,expungeDeletes=false,softCommit=false,prepareCommit=false}
26186 [qtp722146727-14] INFO  org.apache.solr.core.SolrCore  – SolrDeletionPolicy.onCommit: commits: num=2
	commit{dir=/home/ubuntu/blacklight5/jetty/solr/blacklight-core/data/index,segFN=segments_1,generation=1}
	commit{dir=/home/ubuntu/blacklight5/jetty/solr/blacklight-core/data/index,segFN=segments_2,generation=2}
26186 [qtp722146727-14] INFO  org.apache.solr.core.SolrCore  – newest commit generation = 2
26293 [qtp722146727-14] INFO  org.apache.solr.search.SolrIndexSearcher  – Opening Searcher@50fab5ad main
26305 [searcherExecutor-4-thread-1] INFO  org.apache.solr.handler.component.SpellCheckComponent  – Building spell index for spell checker: default
26309 [qtp722146727-14] INFO  org.apache.solr.update.UpdateHandler  – end_commit_flush
28041 [searcherExecutor-4-thread-1] INFO  org.apache.solr.handler.component.SpellCheckComponent  – Building spell index for spell checker: author
28295 [searcherExecutor-4-thread-1] INFO  org.apache.solr.handler.component.SpellCheckComponent  – Building spell index for spell checker: subject
28522 [searcherExecutor-4-thread-1] INFO  org.apache.solr.handler.component.SpellCheckComponent  – Building spell index for spell checker: title
28891 [searcherExecutor-4-thread-1] INFO  org.apache.solr.core.SolrCore  – [blacklight-core] Registered new searcher Searcher@50fab5ad main{StandardDirectoryReader(segments_2:3:nrt _0(4.6):C30)}
28897 [qtp722146727-14] INFO  org.apache.solr.update.processor.LogUpdateProcessor  – [blacklight-core] webapp=/solr path=/update params={waitSearcher=true&commit=true&wt=xml&waitFlush=true&version=2.2} {commit=} 0 3683
181113 [qtp722146727-12] INFO  org.apache.solr.core.SolrCore  – UnInverted multi-valued field {field=pub_date,memSize=4548,tindexSize=44,time=2,phase1=1,nTerms=22,bigTerms=1,termInstances=26,uses=0}
181120 [qtp722146727-12] INFO  org.apache.solr.core.SolrCore  – UnInverted multi-valued field {field=subject_topic_facet,memSize=4473,tindexSize=58,time=1,phase1=1,nTerms=45,bigTerms=0,termInstances=50,uses=0}
181122 [qtp722146727-12] INFO  org.apache.solr.core.SolrCore  – UnInverted multi-valued field {field=language_facet,memSize=4553,tindexSize=46,time=0,phase1=0,nTerms=12,bigTerms=1,termInstances=25,uses=0}
181124 [qtp722146727-12] INFO  org.apache.solr.core.SolrCore  – UnInverted multi-valued field {field=lc_1letter_facet,memSize=4949,tindexSize=76,time=0,phase1=0,nTerms=9,bigTerms=4,termInstances=8,uses=0}
181127 [qtp722146727-12] INFO  org.apache.solr.core.SolrCore  – UnInverted multi-valued field {field=subject_geo_facet,memSize=4465,tindexSize=57,time=1,phase1=1,nTerms=20,bigTerms=0,termInstances=23,uses=0}
181128 [qtp722146727-12] INFO  org.apache.solr.core.SolrCore  – UnInverted multi-valued field {field=subject_era_facet,memSize=4453,tindexSize=45,time=0,phase1=0,nTerms=6,bigTerms=0,termInstances=10,uses=0}
181141 [qtp722146727-12] INFO  org.apache.solr.core.SolrCore  – [blacklight-core] webapp=/solr path=/select params={facet=true&sort=score+desc,+pub_date_sort+desc,+title_sort+asc&facet.query=pub_date:[2009+TO+*]&facet.query=pub_date:[2004+TO+*]&facet.query=pub_date:[1989+TO+*]&f.subject_topic_facet.facet.limit=21&facet.field=format&facet.field={!ex%3Dpub_date_single}pub_date&facet.field=subject_topic_facet&facet.field=language_facet&facet.field=lc_1letter_facet&facet.field=subject_geo_facet&facet.field=subject_era_facet&qt=search&wt=ruby&facet.pivot=format,language_facet&rows=10} hits=30 status=0 QTime=184 
200307 [qtp722146727-13] INFO  org.apache.solr.core.SolrCore  – [blacklight-core] webapp=/solr path=/select params={facet=true&sort=score+desc,+pub_date_sort+desc,+title_sort+asc&facet.query=pub_date:[2009+TO+*]&facet.query=pub_date:[2004+TO+*]&facet.query=pub_date:[1989+TO+*]&f.subject_topic_facet.facet.limit=21&facet.field=format&facet.field={!ex%3Dpub_date_single}pub_date&facet.field=subject_topic_facet&facet.field=language_facet&facet.field=lc_1letter_facet&facet.field=subject_geo_facet&facet.field=subject_era_facet&qt=search&wt=ruby&fq={!tag%3Dpub_date_single}pub_date:2008&facet.pivot=format,language_facet&rows=10} hits=4 status=0 QTime=15 
207539 [qtp722146727-14] INFO  org.apache.solr.core.SolrCore  – [blacklight-core] webapp=/solr path=/select params={facet=true&sort=score+desc,+pub_date_sort+desc,+title_sort+asc&facet.query=pub_date:[2009+TO+*]&facet.query=pub_date:[2004+TO+*]&facet.query=pub_date:[1989+TO+*]&f.subject_topic_facet.facet.limit=21&facet.field=format&facet.field={!ex%3Dpub_date_single}pub_date&facet.field=subject_topic_facet&facet.field=language_facet&facet.field=lc_1letter_facet&facet.field=subject_geo_facet&facet.field=subject_era_facet&qt=search&wt=ruby&facet.pivot=format,language_facet&rows=10} hits=30 status=0 QTime=21 
1929597 [qtp722146727-13] INFO  org.apache.solr.core.SolrCore  – [blacklight-core] webapp=/solr path=/select params={facet=true&sort=score+desc,+pub_date_sort+desc,+title_sort+asc&facet.query=pub_date:[2009+TO+*]&facet.query=pub_date:[2004+TO+*]&facet.query=pub_date:[1989+TO+*]&f.subject_topic_facet.facet.limit=21&facet.field=format&facet.field={!ex%3Dpub_date_single}pub_date&facet.field=subject_topic_facet&facet.field=language_facet&facet.field=lc_1letter_facet&facet.field=subject_geo_facet&facet.field=subject_era_facet&qt=search&wt=ruby&facet.pivot=format,language_facet&rows=10} hits=30 status=0 QTime=13 
39206297 [qtp722146727-14] INFO  org.apache.solr.core.SolrCore  – [blacklight-core] webapp=/solr path=/select params={facet=true&sort=score+desc,+pub_date_sort+desc,+title_sort+asc&facet.query=pub_date:[2009+TO+*]&facet.query=pub_date:[2004+TO+*]&facet.query=pub_date:[1989+TO+*]&f.subject_topic_facet.facet.limit=21&facet.field=format&facet.field={!ex%3Dpub_date_single}pub_date&facet.field=subject_topic_facet&facet.field=language_facet&facet.field=lc_1letter_facet&facet.field=subject_geo_facet&facet.field=subject_era_facet&qt=search&wt=ruby&facet.pivot=format,language_facet&rows=10} hits=30 status=0 QTime=110 
43780857 [qtp722146727-15] INFO  org.apache.solr.core.SolrCore  – [blacklight-core] webapp=/solr path=/select params={facet=true&sort=score+desc,+pub_date_sort+desc,+title_sort+asc&facet.query=pub_date:[2009+TO+*]&facet.query=pub_date:[2004+TO+*]&facet.query=pub_date:[1989+TO+*]&f.subject_topic_facet.facet.limit=21&q=testing&spellcheck.q=testing&facet.field=format&facet.field={!ex%3Dpub_date_single}pub_date&facet.field=subject_topic_facet&facet.field=language_facet&facet.field=lc_1letter_facet&facet.field=subject_geo_facet&facet.field=subject_era_facet&qt=search&wt=ruby&facet.pivot=format,language_facet&rows=10} hits=0 status=0 QTime=388 
43786026 [qtp722146727-16] INFO  org.apache.solr.core.SolrCore  – [blacklight-core] webapp=/solr path=/select params={facet=true&sort=score+desc,+pub_date_sort+desc,+title_sort+asc&facet.query=pub_date:[2009+TO+*]&facet.query=pub_date:[2004+TO+*]&facet.query=pub_date:[1989+TO+*]&f.subject_topic_facet.facet.limit=21&q=blessings&spellcheck.q=blessings&facet.field=format&facet.field={!ex%3Dpub_date_single}pub_date&facet.field=subject_topic_facet&facet.field=language_facet&facet.field=lc_1letter_facet&facet.field=subject_geo_facet&facet.field=subject_era_facet&qt=search&wt=ruby&facet.pivot=format,language_facet&rows=10} hits=1 status=0 QTime=59 
43799735 [qtp722146727-17] INFO  org.apache.solr.core.SolrCore  – [blacklight-core] webapp=/solr path=/select params={facet=true&sort=score+desc,+pub_date_sort+desc,+title_sort+asc&facet.query=pub_date:[2009+TO+*]&facet.query=pub_date:[2004+TO+*]&facet.query=pub_date:[1989+TO+*]&f.subject_topic_facet.facet.limit=21&q=blessings&spellcheck.q=blessings&facet.field=format&facet.field={!ex%3Dpub_date_single}pub_date&facet.field=subject_topic_facet&facet.field=language_facet&facet.field=lc_1letter_facet&facet.field=subject_geo_facet&facet.field=subject_era_facet&qt=search&wt=ruby&facet.pivot=format,language_facet&rows=10} hits=1 status=0 QTime=40 
